<?xml version="1.0" encoding="UTF-8"?>
<!-- Generated by org.testng.reporters.JUnitReportReporter -->
<testsuite hostname="EUC-9054150" failures="0" tests="1" name="Runners.CucumberTestNGRunner" time="76.211" errors="0" timestamp="2021-11-09T21:28:56 AEDT" skipped="0">
  <testcase classname="Runners.CucumberTestNGRunner" name="runScenario" time="76.211"/>
  <system-out/>
</testsuite> <!-- Runners.CucumberTestNGRunner -->
