<?xml version="1.0" encoding="UTF-8"?>
<!-- Generated by org.testng.reporters.JUnitReportReporter -->
<testsuite skipped="0" hostname="EUC-9054150" name="Runners.Run" tests="2" failures="0" timestamp="2021-11-03T13:15:01 AEDT" time="42.622" errors="0">
  <testcase name="loginTest" time="30.323" classname="Runners.Run"/>
  <system-out/>
  <testcase name="loginTest" time="12.299" classname="Runners.Run"/>
  <system-out/>
</testsuite> <!-- Runners.Run -->
